<?xml version="1.0" encoding="UTF-8"?>
<!-- Generated by org.testng.reporters.JUnitReportReporter -->
<testsuite hostname="IN-MH1LPW101884" failures="0" tests="3" name="smapletest.AlertTest" time="7.230" errors="0" timestamp="2021-02-23T11:25:52 IST" skipped="2">
  <testcase classname="smapletest.AlertTest" name="radioBtnTest01" time="7.230"/>
  <system-out/>
  <testcase classname="smapletest.AlertTest" name="alertTest02">
    <skipped/>
  </testcase> <!-- alertTest02 -->
  <system-out/>
  <testcase classname="smapletest.AlertTest" name="alertTest01">
    <skipped/>
  </testcase> <!-- alertTest01 -->
  <system-out/>
</testsuite> <!-- smapletest.AlertTest -->
