<?xml version="1.0" encoding="UTF-8"?>
<!-- Generated by org.testng.reporters.JUnitReportReporter -->
<testsuite hostname="IN-MH1LPW101884" failures="0" tests="6" name="smapletest.loginTest" time="16.195" errors="0" timestamp="2021-02-25T12:35:04 IST" skipped="4">
  <testcase classname="smapletest.loginTest" name="loginTest01" time="14.101"/>
  <system-out/>
  <testcase classname="smapletest.loginTest" name="loginTest02" time="2.094"/>
  <system-out/>
  <testcase classname="smapletest.loginTest" name="loginTest04">
    <skipped/>
  </testcase> <!-- loginTest04 -->
  <system-out/>
  <testcase classname="smapletest.loginTest" name="loginTest06">
    <skipped/>
  </testcase> <!-- loginTest06 -->
  <system-out/>
  <testcase classname="smapletest.loginTest" name="loginTest03">
    <skipped/>
  </testcase> <!-- loginTest03 -->
  <system-out/>
  <testcase classname="smapletest.loginTest" name="loginTest05">
    <skipped/>
  </testcase> <!-- loginTest05 -->
  <system-out/>
</testsuite> <!-- smapletest.loginTest -->
