<?xml version="1.0" encoding="UTF-8"?>
<!-- Generated by org.testng.reporters.JUnitReportReporter -->
<testsuite hostname="IN-MH1LPW101884" failures="0" tests="1" name="cssselectortest.CssSelectorTest" time="8.247" errors="0" timestamp="2021-02-24T12:15:57 IST" skipped="0">
  <testcase classname="cssselectortest.CssSelectorTest" name="cssTest01" time="8.247"/>
  <system-out/>
</testsuite> <!-- cssselectortest.CssSelectorTest -->
