<?xml version="1.0" encoding="UTF-8"?>
<!-- Generated by org.testng.reporters.JUnitReportReporter -->
<testsuite hostname="IN-MH1LPW101884" failures="0" tests="1" name="smapletest.LeaveMenuTest" time="17.834" errors="0" timestamp="2021-02-19T19:02:33 IST" skipped="0">
  <testcase classname="smapletest.LeaveMenuTest" name="myTest" time="17.834"/>
  <system-out/>
</testsuite> <!-- smapletest.LeaveMenuTest -->
