<?xml version="1.0" encoding="UTF-8"?>
<!-- Generated by org.testng.reporters.JUnitReportReporter -->
<testsuite hostname="IN-MH1LPW101884" failures="0" tests="2" name="smapletest.OtherWebControlTest" time="29.218" errors="0" timestamp="2021-02-22T11:51:43 IST" skipped="0">
  <testcase classname="smapletest.OtherWebControlTest" name="OtherControlTest01" time="20.974"/>
  <system-out/>
  <testcase classname="smapletest.OtherWebControlTest" name="OtherControlTest02" time="8.244"/>
  <system-out/>
</testsuite> <!-- smapletest.OtherWebControlTest -->
